# JRE version: Java(TM) SE Runtime Environment (8.0_71-b15) (build 1.8.0_71-b15)
# Java VM: Java HotSpot(TM) 64-Bit Server VM (25.71-b15 mixed mode linux-amd64 compressed oops)
Heap:
 PSYoungGen      total 233984K, used 0K [0x000000076cb00000, 0x000000077db00000, 0x00000007c0000000)
  eden space 223744K, 0% used [0x000000076cb00000,0x000000076cb00000,0x000000077a580000)
  from space 10240K, 0% used [0x000000077d100000,0x000000077d100000,0x000000077db00000)
  to   space 10240K, 0% used [0x000000077c700000,0x000000077c700000,0x000000077d100000)
 ParOldGen       total 427008K, used 340568K [0x00000006c6000000, 0x00000006e0100000, 0x000000076cb00000)
  object space 427008K, 79% used [0x00000006c6000000,0x00000006dac961c8,0x00000006e0100000)
 Metaspace       used 12233K, capacity 12442K, committed 12672K, reserved 1060864K
  class space    used 1553K, capacity 1610K, committed 1664K, reserved 1048576K
GC Heap History (10 events):
Event: 6,035 GC heap after
Heap after GC invocations=1 (full 0):
 PSYoungGen      total 74752K, used 10208K [0x000000076cb00000, 0x0000000775d00000, 0x00000007c0000000)
  eden space 64512K, 0% used [0x000000076cb00000,0x000000076cb00000,0x0000000770a00000)
  from space 10240K, 99% used [0x0000000770a00000,0x00000007713f8020,0x0000000771400000)
  to   space 10240K, 0% used [0x0000000775300000,0x0000000775300000,0x0000000775d00000)
 ParOldGen       total 171008K, used 42080K [0x00000006c6000000, 0x00000006d0700000, 0x000000076cb00000)
  object space 171008K, 24% used [0x00000006c6000000,0x00000006c8918000,0x00000006d0700000)
 Metaspace       used 12233K, capacity 12442K, committed 12672K, reserved 1060864K
  class space    used 1553K, capacity 1610K, committed 1664K, reserved 1048576K
}
Event: 6,234 GC heap before
{Heap before GC invocations=2 (full 0):
 PSYoungGen      total 74752K, used 74720K [0x000000076cb00000, 0x0000000775d00000, 0x00000007c0000000)
  eden space 64512K, 100% used [0x000000076cb00000,0x0000000770a00000,0x0000000770a00000)
  from space 10240K, 99% used [0x0000000770a00000,0x00000007713f8020,0x0000000771400000)
  to   space 10240K, 0% used [0x0000000775300000,0x0000000775300000,0x0000000775d00000)
 ParOldGen       total 171008K, used 42080K [0x00000006c6000000, 0x00000006d0700000, 0x000000076cb00000)
  object space 171008K, 24% used [0x00000006c6000000,0x00000006c8918000,0x00000006d0700000)
 Metaspace       used 12233K, capacity 12442K, committed 12672K, reserved 1060864K
  class space    used 1553K, capacity 1610K, committed 1664K, reserved 1048576K
Event: 6,560 GC heap after
Heap after GC invocations=2 (full 0):
 PSYoungGen      total 139264K, used 10226K [0x000000076cb00000, 0x0000000775d00000, 0x00000007c0000000)
  eden space 129024K, 0% used [0x000000076cb00000,0x000000076cb00000,0x0000000774900000)
  from space 10240K, 99% used [0x0000000775300000,0x0000000775cfc850,0x0000000775d00000)
  to   space 10240K, 0% used [0x0000000774900000,0x0000000774900000,0x0000000775300000)
 ParOldGen       total 171008K, used 97288K [0x00000006c6000000, 0x00000006d0700000, 0x000000076cb00000)
  object space 171008K, 56% used [0x00000006c6000000,0x00000006cbf02000,0x00000006d0700000)
 Metaspace       used 12233K, capacity 12442K, committed 12672K, reserved 1060864K
  class space    used 1553K, capacity 1610K, committed 1664K, reserved 1048576K
}
Event: 6,977 GC heap before
{Heap before GC invocations=3 (full 0):
 PSYoungGen      total 139264K, used 139250K [0x000000076cb00000, 0x0000000775d00000, 0x00000007c0000000)
  eden space 129024K, 100% used [0x000000076cb00000,0x0000000774900000,0x0000000774900000)
  from space 10240K, 99% used [0x0000000775300000,0x0000000775cfc850,0x0000000775d00000)
  to   space 10240K, 0% used [0x0000000774900000,0x0000000774900000,0x0000000775300000)
 ParOldGen       total 171008K, used 97288K [0x00000006c6000000, 0x00000006d0700000, 0x000000076cb00000)
  object space 171008K, 56% used [0x00000006c6000000,0x00000006cbf02000,0x00000006d0700000)
 Metaspace       used 12233K, capacity 12442K, committed 12672K, reserved 1060864K
  class space    used 1553K, capacity 1610K, committed 1664K, reserved 1048576K
Event: 7,685 GC heap after
Heap after GC invocations=3 (full 0):
 PSYoungGen      total 139264K, used 10226K [0x000000076cb00000, 0x000000077db00000, 0x00000007c0000000)
  eden space 129024K, 0% used [0x000000076cb00000,0x000000076cb00000,0x0000000774900000)
  from space 10240K, 99% used [0x0000000774900000,0x00000007752fc840,0x0000000775300000)
  to   space 10240K, 0% used [0x000000077d100000,0x000000077d100000,0x000000077db00000)
 ParOldGen       total 219648K, used 218536K [0x00000006c6000000, 0x00000006d3680000, 0x000000076cb00000)
  object space 219648K, 99% used [0x00000006c6000000,0x00000006d356a010,0x00000006d3680000)
 Metaspace       used 12233K, capacity 12442K, committed 12672K, reserved 1060864K
  class space    used 1553K, capacity 1610K, committed 1664K, reserved 1048576K
}
Event: 7,685 GC heap before
{Heap before GC invocations=4 (full 1):
 PSYoungGen      total 139264K, used 10226K [0x000000076cb00000, 0x000000077db00000, 0x00000007c0000000)
  eden space 129024K, 0% used [0x000000076cb00000,0x000000076cb00000,0x0000000774900000)
  from space 10240K, 99% used [0x0000000774900000,0x00000007752fc840,0x0000000775300000)
  to   space 10240K, 0% used [0x000000077d100000,0x000000077d100000,0x000000077db00000)
 ParOldGen       total 219648K, used 218536K [0x00000006c6000000, 0x00000006d3680000, 0x000000076cb00000)
  object space 219648K, 99% used [0x00000006c6000000,0x00000006d356a010,0x00000006d3680000)
 Metaspace       used 12233K, capacity 12442K, committed 12672K, reserved 1060864K
  class space    used 1553K, capacity 1610K, committed 1664K, reserved 1048576K
Event: 8,921 GC heap after
Heap after GC invocations=4 (full 1):
 PSYoungGen      total 139264K, used 8682K [0x000000076cb00000, 0x000000077db00000, 0x00000007c0000000)
  eden space 129024K, 0% used [0x000000076cb00000,0x000000076cb00000,0x0000000774900000)
  from space 10240K, 84% used [0x0000000774900000,0x000000077517a9f0,0x0000000775300000)
  to   space 10240K, 0% used [0x000000077d100000,0x000000077d100000,0x000000077db00000)
 ParOldGen       total 427008K, used 219247K [0x00000006c6000000, 0x00000006e0100000, 0x000000076cb00000)
  object space 427008K, 51% used [0x00000006c6000000,0x00000006d361bcf8,0x00000006e0100000)
 Metaspace       used 12233K, capacity 12442K, committed 12672K, reserved 1060864K
  class space    used 1553K, capacity 1610K, committed 1664K, reserved 1048576K
}
Event: 8,966 GC heap before
{Heap before GC invocations=5 (full 1):
 PSYoungGen      total 139264K, used 137706K [0x000000076cb00000, 0x000000077db00000, 0x00000007c0000000)
  eden space 129024K, 100% used [0x000000076cb00000,0x0000000774900000,0x0000000774900000)
  from space 10240K, 84% used [0x0000000774900000,0x000000077517a9f0,0x0000000775300000)
  to   space 10240K, 0% used [0x000000077d100000,0x000000077d100000,0x000000077db00000)
 ParOldGen       total 427008K, used 219247K [0x00000006c6000000, 0x00000006e0100000, 0x000000076cb00000)
  object space 427008K, 51% used [0x00000006c6000000,0x00000006d361bcf8,0x00000006e0100000)
 Metaspace       used 12233K, capacity 12442K, committed 12672K, reserved 1060864K
  class space    used 1553K, capacity 1610K, committed 1664K, reserved 1048576K
Event: 9,300 GC heap after
Heap after GC invocations=5 (full 1):
 PSYoungGen      total 233984K, used 10226K [0x000000076cb00000, 0x000000077db00000, 0x00000007c0000000)
  eden space 223744K, 0% used [0x000000076cb00000,0x000000076cb00000,0x000000077a580000)
  from space 10240K, 99% used [0x000000077d100000,0x000000077dafc820,0x000000077db00000)
  to   space 10240K, 0% used [0x000000077c700000,0x000000077c700000,0x000000077d100000)
 ParOldGen       total 427008K, used 379879K [0x00000006c6000000, 0x00000006e0100000, 0x000000076cb00000)
  object space 427008K, 88% used [0x00000006c6000000,0x00000006dd2f9d18,0x00000006e0100000)
 Metaspace       used 12233K, capacity 12442K, committed 12672K, reserved 1060864K
  class space    used 1553K, capacity 1610K, committed 1664K, reserved 1048576K
}
Event: 9,300 GC heap before
{Heap before GC invocations=6 (full 2):
 PSYoungGen      total 233984K, used 10226K [0x000000076cb00000, 0x000000077db00000, 0x00000007c0000000)
  eden space 223744K, 0% used [0x000000076cb00000,0x000000076cb00000,0x000000077a580000)
  from space 10240K, 99% used [0x000000077d100000,0x000000077dafc820,0x000000077db00000)
  to   space 10240K, 0% used [0x000000077c700000,0x000000077c700000,0x000000077d100000)
 ParOldGen       total 427008K, used 379879K [0x00000006c6000000, 0x00000006e0100000, 0x000000076cb00000)
  object space 427008K, 88% used [0x00000006c6000000,0x00000006dd2f9d18,0x00000006e0100000)
 Metaspace       used 12233K, capacity 12442K, committed 12672K, reserved 1060864K
  class space    used 1553K, capacity 1610K, committed 1664K, reserved 1048576K

