# JRE version: Java(TM) SE Runtime Environment (8.0_71-b15) (build 1.8.0_71-b15)
# Java VM: Java HotSpot(TM) 64-Bit Server VM (25.71-b15 mixed mode linux-amd64 compressed oops)
Heap:
 PSYoungGen      total 128000K, used 10240K [0x000000076cb00000, 0x0000000775d00000, 0x00000007c0000000)
  eden space 117760K, 0% used [0x000000076cb00000,0x000000076cb00000,0x0000000773e00000)
  from space 10240K, 100% used [0x0000000774900000,0x0000000775300000,0x0000000775300000)
  to   space 10240K, 0% used [0x0000000775300000,0x0000000775300000,0x0000000775d00000)
 ParOldGen       total 363520K, used 363347K [0x00000006c6000000, 0x00000006dc300000, 0x000000076cb00000)
  object space 363520K, 99% used [0x00000006c6000000,0x00000006dc2d4e90,0x00000006dc300000)
 Metaspace       used 12188K, capacity 12378K, committed 12672K, reserved 1060864K
  class space    used 1553K, capacity 1610K, committed 1664K, reserved 1048576K
GC Heap History (10 events):
Event: 3,628 GC heap after
Heap after GC invocations=1 (full 0):
 PSYoungGen      total 74752K, used 10226K [0x000000076cb00000, 0x0000000771e00000, 0x00000007c0000000)
  eden space 64512K, 0% used [0x000000076cb00000,0x000000076cb00000,0x0000000770a00000)
  from space 10240K, 99% used [0x0000000770a00000,0x00000007713fc860,0x0000000771400000)
  to   space 10240K, 0% used [0x0000000771400000,0x0000000771400000,0x0000000771e00000)
 ParOldGen       total 171008K, used 36224K [0x00000006c6000000, 0x00000006d0700000, 0x000000076cb00000)
  object space 171008K, 21% used [0x00000006c6000000,0x00000006c8360000,0x00000006d0700000)
 Metaspace       used 12188K, capacity 12378K, committed 12672K, reserved 1060864K
  class space    used 1553K, capacity 1610K, committed 1664K, reserved 1048576K
}
Event: 3,648 GC heap before
{Heap before GC invocations=2 (full 0):
 PSYoungGen      total 74752K, used 74738K [0x000000076cb00000, 0x0000000771e00000, 0x00000007c0000000)
  eden space 64512K, 100% used [0x000000076cb00000,0x0000000770a00000,0x0000000770a00000)
  from space 10240K, 99% used [0x0000000770a00000,0x00000007713fc860,0x0000000771400000)
  to   space 10240K, 0% used [0x0000000771400000,0x0000000771400000,0x0000000771e00000)
 ParOldGen       total 171008K, used 36224K [0x00000006c6000000, 0x00000006d0700000, 0x000000076cb00000)
  object space 171008K, 21% used [0x00000006c6000000,0x00000006c8360000,0x00000006d0700000)
 Metaspace       used 12188K, capacity 12378K, committed 12672K, reserved 1060864K
  class space    used 1553K, capacity 1610K, committed 1664K, reserved 1048576K
Event: 3,694 GC heap after
Heap after GC invocations=2 (full 0):
 PSYoungGen      total 74752K, used 10226K [0x000000076cb00000, 0x0000000775d00000, 0x00000007c0000000)
  eden space 64512K, 0% used [0x000000076cb00000,0x000000076cb00000,0x0000000770a00000)
  from space 10240K, 99% used [0x0000000771400000,0x0000000771dfc850,0x0000000771e00000)
  to   space 10240K, 0% used [0x0000000770a00000,0x0000000770a00000,0x0000000771400000)
 ParOldGen       total 171008K, used 91480K [0x00000006c6000000, 0x00000006d0700000, 0x000000076cb00000)
  object space 171008K, 53% used [0x00000006c6000000,0x00000006cb956000,0x00000006d0700000)
 Metaspace       used 12188K, capacity 12378K, committed 12672K, reserved 1060864K
  class space    used 1553K, capacity 1610K, committed 1664K, reserved 1048576K
}
Event: 3,718 GC heap before
{Heap before GC invocations=3 (full 0):
 PSYoungGen      total 74752K, used 74738K [0x000000076cb00000, 0x0000000775d00000, 0x00000007c0000000)
  eden space 64512K, 100% used [0x000000076cb00000,0x0000000770a00000,0x0000000770a00000)
  from space 10240K, 99% used [0x0000000771400000,0x0000000771dfc850,0x0000000771e00000)
  to   space 10240K, 0% used [0x0000000770a00000,0x0000000770a00000,0x0000000771400000)
 ParOldGen       total 171008K, used 91480K [0x00000006c6000000, 0x00000006d0700000, 0x000000076cb00000)
  object space 171008K, 53% used [0x00000006c6000000,0x00000006cb956000,0x00000006d0700000)
 Metaspace       used 12188K, capacity 12378K, committed 12672K, reserved 1060864K
  class space    used 1553K, capacity 1610K, committed 1664K, reserved 1048576K
Event: 3,769 GC heap after
Heap after GC invocations=3 (full 0):
 PSYoungGen      total 74752K, used 10212K [0x000000076cb00000, 0x0000000775d00000, 0x00000007c0000000)
  eden space 64512K, 0% used [0x000000076cb00000,0x000000076cb00000,0x0000000770a00000)
  from space 10240K, 99% used [0x0000000770a00000,0x00000007713f9060,0x0000000771400000)
  to   space 10240K, 0% used [0x0000000775300000,0x0000000775300000,0x0000000775d00000)
 ParOldGen       total 171008K, used 164360K [0x00000006c6000000, 0x00000006d0700000, 0x000000076cb00000)
  object space 171008K, 96% used [0x00000006c6000000,0x00000006d0082020,0x00000006d0700000)
 Metaspace       used 12188K, capacity 12378K, committed 12672K, reserved 1060864K
  class space    used 1553K, capacity 1610K, committed 1664K, reserved 1048576K
}
Event: 3,769 GC heap before
{Heap before GC invocations=4 (full 1):
 PSYoungGen      total 74752K, used 10212K [0x000000076cb00000, 0x0000000775d00000, 0x00000007c0000000)
  eden space 64512K, 0% used [0x000000076cb00000,0x000000076cb00000,0x0000000770a00000)
  from space 10240K, 99% used [0x0000000770a00000,0x00000007713f9060,0x0000000771400000)
  to   space 10240K, 0% used [0x0000000775300000,0x0000000775300000,0x0000000775d00000)
 ParOldGen       total 171008K, used 164360K [0x00000006c6000000, 0x00000006d0700000, 0x000000076cb00000)
  object space 171008K, 96% used [0x00000006c6000000,0x00000006d0082020,0x00000006d0700000)
 Metaspace       used 12188K, capacity 12378K, committed 12672K, reserved 1060864K
  class space    used 1553K, capacity 1610K, committed 1664K, reserved 1048576K
Event: 4,139 GC heap after
Heap after GC invocations=4 (full 1):
 PSYoungGen      total 74752K, used 0K [0x000000076cb00000, 0x0000000775d00000, 0x00000007c0000000)
  eden space 64512K, 0% used [0x000000076cb00000,0x000000076cb00000,0x0000000770a00000)
  from space 10240K, 0% used [0x0000000770a00000,0x0000000770a00000,0x0000000771400000)
  to   space 10240K, 0% used [0x0000000775300000,0x0000000775300000,0x0000000775d00000)
 ParOldGen       total 315904K, used 158003K [0x00000006c6000000, 0x00000006d9480000, 0x000000076cb00000)
  object space 315904K, 50% used [0x00000006c6000000,0x00000006cfa4ce70,0x00000006d9480000)
 Metaspace       used 12188K, capacity 12378K, committed 12672K, reserved 1060864K
  class space    used 1553K, capacity 1610K, committed 1664K, reserved 1048576K
}
Event: 4,155 GC heap before
{Heap before GC invocations=5 (full 1):
 PSYoungGen      total 74752K, used 64512K [0x000000076cb00000, 0x0000000775d00000, 0x00000007c0000000)
  eden space 64512K, 100% used [0x000000076cb00000,0x0000000770a00000,0x0000000770a00000)
  from space 10240K, 0% used [0x0000000770a00000,0x0000000770a00000,0x0000000771400000)
  to   space 10240K, 0% used [0x0000000775300000,0x0000000775300000,0x0000000775d00000)
 ParOldGen       total 315904K, used 158003K [0x00000006c6000000, 0x00000006d9480000, 0x000000076cb00000)
  object space 315904K, 50% used [0x00000006c6000000,0x00000006cfa4ce70,0x00000006d9480000)
 Metaspace       used 12188K, capacity 12378K, committed 12672K, reserved 1060864K
  class space    used 1553K, capacity 1610K, committed 1664K, reserved 1048576K
Event: 4,288 GC heap after
Heap after GC invocations=5 (full 1):
 PSYoungGen      total 128000K, used 10240K [0x000000076cb00000, 0x0000000775d00000, 0x00000007c0000000)
  eden space 117760K, 0% used [0x000000076cb00000,0x000000076cb00000,0x0000000773e00000)
  from space 10240K, 100% used [0x0000000775300000,0x0000000775d00000,0x0000000775d00000)
  to   space 10240K, 0% used [0x0000000774900000,0x0000000774900000,0x0000000775300000)
 ParOldGen       total 315904K, used 212483K [0x00000006c6000000, 0x00000006d9480000, 0x000000076cb00000)
  object space 315904K, 67% used [0x00000006c6000000,0x00000006d2f80e70,0x00000006d9480000)
 Metaspace       used 12188K, capacity 12378K, committed 12672K, reserved 1060864K
  class space    used 1553K, capacity 1610K, committed 1664K, reserved 1048576K
}
Event: 4,334 GC heap before
{Heap before GC invocations=6 (full 1):
 PSYoungGen      total 128000K, used 128000K [0x000000076cb00000, 0x0000000775d00000, 0x00000007c0000000)
  eden space 117760K, 100% used [0x000000076cb00000,0x0000000773e00000,0x0000000773e00000)
  from space 10240K, 100% used [0x0000000775300000,0x0000000775d00000,0x0000000775d00000)
  to   space 10240K, 0% used [0x0000000774900000,0x0000000774900000,0x0000000775300000)
 ParOldGen       total 315904K, used 212483K [0x00000006c6000000, 0x00000006d9480000, 0x000000076cb00000)
  object space 315904K, 67% used [0x00000006c6000000,0x00000006d2f80e70,0x00000006d9480000)
 Metaspace       used 12188K, capacity 12378K, committed 12672K, reserved 1060864K
  class space    used 1553K, capacity 1610K, committed 1664K, reserved 1048576K

