# JRE version: Java(TM) SE Runtime Environment (8.0_71-b15) (build 1.8.0_71-b15)
# Java VM: Java HotSpot(TM) 64-Bit Server VM (25.71-b15 mixed mode linux-amd64 compressed oops)
Heap:
 PSYoungGen      total 188416K, used 10240K [0x000000076cb00000, 0x000000077be80000, 0x00000007c0000000)
  eden space 178176K, 0% used [0x000000076cb00000,0x000000076cb00000,0x0000000777900000)
  from space 10240K, 100% used [0x000000077aa80000,0x000000077b480000,0x000000077b480000)
  to   space 10240K, 0% used [0x000000077b480000,0x000000077b480000,0x000000077be80000)
 ParOldGen       total 677376K, used 457603K [0x00000006c6000000, 0x00000006ef580000, 0x000000076cb00000)
  object space 677376K, 67% used [0x00000006c6000000,0x00000006e1ee0fb8,0x00000006ef580000)
 Metaspace       used 12184K, capacity 12378K, committed 12672K, reserved 1060864K
  class space    used 1553K, capacity 1610K, committed 1664K, reserved 1048576K
GC Heap History (10 events):
Event: 3,467 GC heap after
Heap after GC invocations=3 (full 1):
 PSYoungGen      total 139264K, used 0K [0x000000076cb00000, 0x0000000775d00000, 0x00000007c0000000)
  eden space 129024K, 0% used [0x000000076cb00000,0x000000076cb00000,0x0000000774900000)
  from space 10240K, 0% used [0x0000000775300000,0x0000000775300000,0x0000000775d00000)
  to   space 10240K, 0% used [0x0000000774900000,0x0000000774900000,0x0000000775300000)
 ParOldGen       total 252416K, used 105301K [0x00000006c6000000, 0x00000006d5680000, 0x000000076cb00000)
  object space 252416K, 41% used [0x00000006c6000000,0x00000006cc6d55f0,0x00000006d5680000)
 Metaspace       used 12184K, capacity 12378K, committed 12672K, reserved 1060864K
  class space    used 1553K, capacity 1610K, committed 1664K, reserved 1048576K
}
Event: 3,516 GC heap before
{Heap before GC invocations=4 (full 1):
 PSYoungGen      total 139264K, used 129024K [0x000000076cb00000, 0x0000000775d00000, 0x00000007c0000000)
  eden space 129024K, 100% used [0x000000076cb00000,0x0000000774900000,0x0000000774900000)
  from space 10240K, 0% used [0x0000000775300000,0x0000000775300000,0x0000000775d00000)
  to   space 10240K, 0% used [0x0000000774900000,0x0000000774900000,0x0000000775300000)
 ParOldGen       total 252416K, used 105301K [0x00000006c6000000, 0x00000006d5680000, 0x000000076cb00000)
  object space 252416K, 41% used [0x00000006c6000000,0x00000006cc6d55f0,0x00000006d5680000)
 Metaspace       used 12184K, capacity 12378K, committed 12672K, reserved 1060864K
  class space    used 1553K, capacity 1610K, committed 1664K, reserved 1048576K
Event: 3,602 GC heap after
Heap after GC invocations=4 (full 1):
 PSYoungGen      total 139264K, used 10240K [0x000000076cb00000, 0x000000077be80000, 0x00000007c0000000)
  eden space 129024K, 0% used [0x000000076cb00000,0x000000076cb00000,0x0000000774900000)
  from space 10240K, 100% used [0x0000000774900000,0x0000000775300000,0x0000000775300000)
  to   space 10240K, 0% used [0x000000077b480000,0x000000077b480000,0x000000077be80000)
 ParOldGen       total 252416K, used 240877K [0x00000006c6000000, 0x00000006d5680000, 0x000000076cb00000)
  object space 252416K, 95% used [0x00000006c6000000,0x00000006d4b3b610,0x00000006d5680000)
 Metaspace       used 12184K, capacity 12378K, committed 12672K, reserved 1060864K
  class space    used 1553K, capacity 1610K, committed 1664K, reserved 1048576K
}
Event: 3,602 GC heap before
{Heap before GC invocations=5 (full 2):
 PSYoungGen      total 139264K, used 10240K [0x000000076cb00000, 0x000000077be80000, 0x00000007c0000000)
  eden space 129024K, 0% used [0x000000076cb00000,0x000000076cb00000,0x0000000774900000)
  from space 10240K, 100% used [0x0000000774900000,0x0000000775300000,0x0000000775300000)
  to   space 10240K, 0% used [0x000000077b480000,0x000000077b480000,0x000000077be80000)
 ParOldGen       total 252416K, used 240877K [0x00000006c6000000, 0x00000006d5680000, 0x000000076cb00000)
  object space 252416K, 95% used [0x00000006c6000000,0x00000006d4b3b610,0x00000006d5680000)
 Metaspace       used 12184K, capacity 12378K, committed 12672K, reserved 1060864K
  class space    used 1553K, capacity 1610K, committed 1664K, reserved 1048576K
Event: 4,168 GC heap after
Heap after GC invocations=5 (full 2):
 PSYoungGen      total 139264K, used 0K [0x000000076cb00000, 0x000000077be80000, 0x00000007c0000000)
  eden space 129024K, 0% used [0x000000076cb00000,0x000000076cb00000,0x0000000774900000)
  from space 10240K, 0% used [0x0000000774900000,0x0000000774900000,0x0000000775300000)
  to   space 10240K, 0% used [0x000000077b480000,0x000000077b480000,0x000000077be80000)
 ParOldGen       total 498688K, used 226131K [0x00000006c6000000, 0x00000006e4700000, 0x000000076cb00000)
  object space 498688K, 45% used [0x00000006c6000000,0x00000006d3cd4ff0,0x00000006e4700000)
 Metaspace       used 12184K, capacity 12378K, committed 12672K, reserved 1060864K
  class space    used 1553K, capacity 1610K, committed 1664K, reserved 1048576K
}
Event: 4,214 GC heap before
{Heap before GC invocations=6 (full 2):
 PSYoungGen      total 139264K, used 129024K [0x000000076cb00000, 0x000000077be80000, 0x00000007c0000000)
  eden space 129024K, 100% used [0x000000076cb00000,0x0000000774900000,0x0000000774900000)
  from space 10240K, 0% used [0x0000000774900000,0x0000000774900000,0x0000000775300000)
  to   space 10240K, 0% used [0x000000077b480000,0x000000077b480000,0x000000077be80000)
 ParOldGen       total 498688K, used 226131K [0x00000006c6000000, 0x00000006e4700000, 0x000000076cb00000)
  object space 498688K, 45% used [0x00000006c6000000,0x00000006d3cd4ff0,0x00000006e4700000)
 Metaspace       used 12184K, capacity 12378K, committed 12672K, reserved 1060864K
  class space    used 1553K, capacity 1610K, committed 1664K, reserved 1048576K
Event: 4,397 GC heap after
Heap after GC invocations=6 (full 2):
 PSYoungGen      total 188416K, used 10240K [0x000000076cb00000, 0x000000077be80000, 0x00000007c0000000)
  eden space 178176K, 0% used [0x000000076cb00000,0x000000076cb00000,0x0000000777900000)
  from space 10240K, 100% used [0x000000077b480000,0x000000077be80000,0x000000077be80000)
  to   space 10240K, 0% used [0x000000077aa80000,0x000000077aa80000,0x000000077b480000)
 ParOldGen       total 498688K, used 345268K [0x00000006c6000000, 0x00000006e4700000, 0x000000076cb00000)
  object space 498688K, 69% used [0x00000006c6000000,0x00000006db12d000,0x00000006e4700000)
 Metaspace       used 12184K, capacity 12378K, committed 12672K, reserved 1060864K
  class space    used 1553K, capacity 1610K, committed 1664K, reserved 1048576K
}
Event: 4,397 GC heap before
{Heap before GC invocations=7 (full 3):
 PSYoungGen      total 188416K, used 10240K [0x000000076cb00000, 0x000000077be80000, 0x00000007c0000000)
  eden space 178176K, 0% used [0x000000076cb00000,0x000000076cb00000,0x0000000777900000)
  from space 10240K, 100% used [0x000000077b480000,0x000000077be80000,0x000000077be80000)
  to   space 10240K, 0% used [0x000000077aa80000,0x000000077aa80000,0x000000077b480000)
 ParOldGen       total 498688K, used 345268K [0x00000006c6000000, 0x00000006e4700000, 0x000000076cb00000)
  object space 498688K, 69% used [0x00000006c6000000,0x00000006db12d000,0x00000006e4700000)
 Metaspace       used 12184K, capacity 12378K, committed 12672K, reserved 1060864K
  class space    used 1553K, capacity 1610K, committed 1664K, reserved 1048576K
Event: 5,244 GC heap after
Heap after GC invocations=7 (full 3):
 PSYoungGen      total 188416K, used 0K [0x000000076cb00000, 0x000000077be80000, 0x00000007c0000000)
  eden space 178176K, 0% used [0x000000076cb00000,0x000000076cb00000,0x0000000777900000)
  from space 10240K, 0% used [0x000000077b480000,0x000000077b480000,0x000000077be80000)
  to   space 10240K, 0% used [0x000000077aa80000,0x000000077aa80000,0x000000077b480000)
 ParOldGen       total 677376K, used 338619K [0x00000006c6000000, 0x00000006ef580000, 0x000000076cb00000)
  object space 677376K, 49% used [0x00000006c6000000,0x00000006daaaefb8,0x00000006ef580000)
 Metaspace       used 12184K, capacity 12378K, committed 12672K, reserved 1060864K
  class space    used 1553K, capacity 1610K, committed 1664K, reserved 1048576K
}
Event: 5,276 GC heap before
{Heap before GC invocations=8 (full 3):
 PSYoungGen      total 188416K, used 129287K [0x000000076cb00000, 0x000000077be80000, 0x00000007c0000000)
  eden space 178176K, 72% used [0x000000076cb00000,0x0000000774941ce0,0x0000000777900000)
  from space 10240K, 0% used [0x000000077b480000,0x000000077b480000,0x000000077be80000)
  to   space 10240K, 0% used [0x000000077aa80000,0x000000077aa80000,0x000000077b480000)
 ParOldGen       total 677376K, used 338619K [0x00000006c6000000, 0x00000006ef580000, 0x000000076cb00000)
  object space 677376K, 49% used [0x00000006c6000000,0x00000006daaaefb8,0x00000006ef580000)
 Metaspace       used 12184K, capacity 12378K, committed 12672K, reserved 1060864K
  class space    used 1553K, capacity 1610K, committed 1664K, reserved 1048576K

